<?xml version="1.0" encoding="UTF-8"?>
<testsuite xmlns:xsi="http://www.w3.org/2001/XMLSchema-instance" xsi:noNamespaceSchemaLocation="https://maven.apache.org/surefire/maven-surefire-plugin/xsd/surefire-test-report.xsd" version="3.0.2" name="TestSuite" time="12.248" tests="2" errors="0" skipped="0" failures="0">
  <properties>
[...]
</properties>
  <testcase name="testAccountRegistration" classname="testCases.TC_001_AccountRegistrationTest" time="2.039">
    <system-out><![CDATA[2024-11-09 11:44:02 DEBUG TestNG:82 - suiteXmlPath: "C:\Users\gopik\eclipse-workspace\hybridframework\testng.xml"
2024-11-09 11:44:04 DEBUG InternalLoggerFactory:63 - Using SLF4J as the default logging framework
2024-11-09 11:44:04 DEBUG ResourceLeakDetector:129 - -Dio.netty.leakDetection.level: simple
2024-11-09 11:44:04 DEBUG ResourceLeakDetector:130 - -Dio.netty.leakDetection.targetRecords: 4
2024-11-09 11:44:04 DEBUG ResourceLeakDetectorFactory:196 - Loaded default ResourceLeakDetector: io.netty.util.ResourceLeakDetector@9f6e406
2024-11-09 11:44:04 DEBUG PlatformDependent0:497 - -Dio.netty.noUnsafe: false
2024-11-09 11:44:04 DEBUG PlatformDependent0:1001 - Java version: 21
2024-11-09 11:44:04 DEBUG PlatformDependent0:137 - sun.misc.Unsafe.theUnsafe: available
2024-11-09 11:44:04 DEBUG PlatformDependent0:161 - sun.misc.Unsafe.copyMemory: available
2024-11-09 11:44:04 DEBUG PlatformDependent0:193 - sun.misc.Unsafe.storeFence: available
2024-11-09 11:44:04 DEBUG PlatformDependent0:236 - java.nio.Buffer.address: available
2024-11-09 11:44:04 DEBUG PlatformDependent0:321 - direct buffer constructor: unavailable: Reflective setAccessible(true) disabled
2024-11-09 11:44:04 DEBUG PlatformDependent0:386 - java.nio.Bits.unaligned: available, true
2024-11-09 11:44:04 DEBUG PlatformDependent0:453 - jdk.internal.misc.Unsafe.allocateUninitializedArray(int): unavailable: class io.netty.util.internal.PlatformDependent0$7 cannot access class jdk.internal.misc.Unsafe (in module java.base) because module java.base does not export jdk.internal.misc to unnamed module @7f3b84b8
2024-11-09 11:44:04 DEBUG PlatformDependent0:483 - java.nio.DirectByteBuffer.<init>(long, {int,long}): unavailable
2024-11-09 11:44:04 DEBUG PlatformDependent:1159 - sun.misc.Unsafe: available
2024-11-09 11:44:04 DEBUG PlatformDependent:1270 - maxDirectMemory: 3720347648 bytes (maybe)
2024-11-09 11:44:04 DEBUG PlatformDependent:1289 - -Dio.netty.tmpdir: C:\Users\gopik\AppData\Local\Temp (java.io.tmpdir)
2024-11-09 11:44:04 DEBUG PlatformDependent:1368 - -Dio.netty.bitMode: 64 (sun.arch.data.model)
2024-11-09 11:44:04 DEBUG PlatformDependent:1119 - Platform: Windows
2024-11-09 11:44:04 DEBUG PlatformDependent:178 - -Dio.netty.maxDirectMemory: -1 bytes
2024-11-09 11:44:04 DEBUG PlatformDependent:185 - -Dio.netty.uninitializedArrayAllocationThreshold: -1
2024-11-09 11:44:04 DEBUG CleanerJava9:71 - java.nio.ByteBuffer.cleaner(): available
2024-11-09 11:44:04 DEBUG PlatformDependent:205 - -Dio.netty.noPreferDirect: false
2024-11-09 11:44:04 DEBUG PlatformDependent:1010 - org.jctools-core.MpscChunkedArrayQueue: available
2024-11-09 11:44:04 DEBUG InternalThreadLocalMap:100 - -Dio.netty.threadLocalMap.stringBuilder.initialSize: 1024
2024-11-09 11:44:04 DEBUG InternalThreadLocalMap:101 - -Dio.netty.threadLocalMap.stringBuilder.maxSize: 4096
2024-11-09 11:44:04 DEBUG JdkSslContext:83 - Default protocols (JDK): [TLSv1.3, TLSv1.2] 
2024-11-09 11:44:04 DEBUG JdkSslContext:84 - Default cipher suites (JDK): [TLS_ECDHE_ECDSA_WITH_AES_256_GCM_SHA384, TLS_ECDHE_ECDSA_WITH_AES_128_GCM_SHA256, TLS_ECDHE_RSA_WITH_AES_128_GCM_SHA256, TLS_ECDHE_RSA_WITH_AES_256_GCM_SHA384, TLS_ECDHE_RSA_WITH_AES_128_CBC_SHA, TLS_ECDHE_RSA_WITH_AES_256_CBC_SHA, TLS_RSA_WITH_AES_128_GCM_SHA256, TLS_RSA_WITH_AES_128_CBC_SHA, TLS_RSA_WITH_AES_256_CBC_SHA, TLS_AES_128_GCM_SHA256, TLS_AES_256_GCM_SHA384]
2024-11-09 11:44:04 DEBUG GlobalEventExecutor:53 - -Dio.netty.globalEventExecutor.quietPeriodSeconds: 1
2024-11-09 11:44:04 DEBUG MultithreadEventLoopGroup:44 - -Dio.netty.eventLoopThreads: 32
2024-11-09 11:44:04 DEBUG NioEventLoop:110 - -Dio.netty.noKeySetOptimization: false
2024-11-09 11:44:04 DEBUG NioEventLoop:111 - -Dio.netty.selectorAutoRebuildThreshold: 512
2024-11-09 11:44:04 DEBUG PooledByteBufAllocator:157 - -Dio.netty.allocator.numHeapArenas: 32
2024-11-09 11:44:04 DEBUG PooledByteBufAllocator:158 - -Dio.netty.allocator.numDirectArenas: 32
2024-11-09 11:44:04 DEBUG PooledByteBufAllocator:160 - -Dio.netty.allocator.pageSize: 8192
2024-11-09 11:44:04 DEBUG PooledByteBufAllocator:165 - -Dio.netty.allocator.maxOrder: 9
2024-11-09 11:44:04 DEBUG PooledByteBufAllocator:169 - -Dio.netty.allocator.chunkSize: 4194304
2024-11-09 11:44:04 DEBUG PooledByteBufAllocator:170 - -Dio.netty.allocator.smallCacheSize: 256
2024-11-09 11:44:04 DEBUG PooledByteBufAllocator:171 - -Dio.netty.allocator.normalCacheSize: 64
2024-11-09 11:44:04 DEBUG PooledByteBufAllocator:172 - -Dio.netty.allocator.maxCachedBufferCapacity: 32768
2024-11-09 11:44:04 DEBUG PooledByteBufAllocator:173 - -Dio.netty.allocator.cacheTrimInterval: 8192
2024-11-09 11:44:04 DEBUG PooledByteBufAllocator:174 - -Dio.netty.allocator.cacheTrimIntervalMillis: 0
2024-11-09 11:44:04 DEBUG PooledByteBufAllocator:175 - -Dio.netty.allocator.useCacheForAllThreads: false
2024-11-09 11:44:04 DEBUG PooledByteBufAllocator:176 - -Dio.netty.allocator.maxCachedByteBuffersPerChunk: 1023
2024-11-09 11:44:04 DEBUG ByteBufUtil:89 - -Dio.netty.allocator.type: pooled
2024-11-09 11:44:04 DEBUG ByteBufUtil:98 - -Dio.netty.threadLocalDirectBufferSize: 0
2024-11-09 11:44:04 DEBUG ByteBufUtil:101 - -Dio.netty.maxThreadLocalCharBufferSize: 16384
2024-11-09 11:44:05 DEBUG DefaultChannelId:79 - -Dio.netty.processId: 7468 (auto-detected)
2024-11-09 11:44:05 DEBUG NetUtil:148 - -Djava.net.preferIPv4Stack: false
2024-11-09 11:44:05 DEBUG NetUtil:149 - -Djava.net.preferIPv6Addresses: false
2024-11-09 11:44:05 DEBUG NetUtilInitializations:145 - Loopback interface: loopback_0 (Software Loopback Interface 1, 0:0:0:0:0:0:0:1)
2024-11-09 11:44:05 DEBUG NetUtil:206 - Failed to get SOMAXCONN from sysctl and file \proc\sys\net\core\somaxconn. Default: 200
2024-11-09 11:44:05 DEBUG DefaultChannelId:101 - -Dio.netty.machineId: 6c:24:08:ff:fe:af:d8:5d (auto-detected)
2024-11-09 11:44:05 DEBUG AbstractByteBuf:63 - -Dio.netty.buffer.checkAccessible: true
2024-11-09 11:44:05 DEBUG AbstractByteBuf:64 - -Dio.netty.buffer.checkBounds: true
2024-11-09 11:44:05 DEBUG ResourceLeakDetectorFactory:196 - Loaded default ResourceLeakDetector: io.netty.util.ResourceLeakDetector@6c7c0563
2024-11-09 11:44:05 DEBUG NettyConnectListener:73 - Using new Channel '[id: 0x943e6cdb, L:/127.0.0.1:2732 - R:localhost/127.0.0.1:1944]' for 'POST' to '/session'
2024-11-09 11:44:05 DEBUG Recycler:96 - -Dio.netty.recycler.maxCapacityPerThread: 4096
2024-11-09 11:44:05 DEBUG Recycler:97 - -Dio.netty.recycler.ratio: 8
2024-11-09 11:44:05 DEBUG Recycler:98 - -Dio.netty.recycler.chunkSize: 32
2024-11-09 11:44:05 DEBUG Recycler:99 - -Dio.netty.recycler.blocking: false
2024-11-09 11:44:05 DEBUG Recycler:100 - -Dio.netty.recycler.batchFastThreadLocalOnly: true
2024-11-09 11:44:05 DEBUG Brotli:38 - brotli4j not in the classpath; Brotli support will be unavailable.
2024-11-09 11:44:05 DEBUG HttpHandler:70 - 

Request DefaultHttpRequest(decodeResult: success, version: HTTP/1.1)
POST /session HTTP/1.1
User-Agent: selenium/4.13.0 (java windows)
Content-Length: 336
Content-Type: application/json; charset=utf-8
host: localhost:1944
accept: */*

Response DefaultHttpResponse(decodeResult: success, version: HTTP/1.1)
HTTP/1.1 200 OK
Content-Length: 883
Content-Type: application/json; charset=utf-8
cache-control: no-cache

2024-11-09 11:44:05 DEBUG ChannelManager:270 - Adding key: http://localhost:1944 for channel [id: 0x943e6cdb, L:/127.0.0.1:2732 - R:localhost/127.0.0.1:1944]
2024-11-09 11:44:05 DEBUG DefaultChannelPool:348 - Entry count for : http://localhost:1944 : 1
2024-11-09 11:44:05 DEBUG NettyConnectListener:73 - Using new Channel '[id: 0x4a05237a, L:/127.0.0.1:2739 - R:localhost/127.0.0.1:2733]' for 'GET' to '/json/version'
2024-11-09 11:44:05 DEBUG HttpHandler:70 - 

Request DefaultFullHttpRequest(decodeResult: success, version: HTTP/1.1, content: EmptyByteBufBE)
GET /json/version HTTP/1.1
User-Agent: selenium/4.13.0 (java windows)
host: localhost:2733
accept: */*

Response DefaultHttpResponse(decodeResult: success, version: HTTP/1.1)
HTTP/1.1 200 OK
Content-Security-Policy: frame-ancestors 'none'
Content-Length: 423
Content-Type: application/json; charset=UTF-8

2024-11-09 11:44:05 DEBUG ChannelManager:270 - Adding key: http://localhost:2733 for channel [id: 0x4a05237a, L:/127.0.0.1:2739 - R:localhost/127.0.0.1:2733]
2024-11-09 11:44:05 DEBUG ThreadLocalRandom:214 - -Dio.netty.initialSeedUniquifier: 0xb5fd409bdb0fad13
2024-11-09 11:44:05 DEBUG NettyConnectListener:73 - Using new Channel '[id: 0x0b97a8d7, L:/127.0.0.1:2740 - R:localhost/127.0.0.1:2733]' for 'GET' to '/devtools/browser/e9d7fa1e-4ec3-4325-9a03-b44e69bd2424'
2024-11-09 11:44:05 DEBUG WebSocketHandler:105 - 

Request DefaultFullHttpRequest(decodeResult: success, version: HTTP/1.1, content: EmptyByteBufBE)
GET /devtools/browser/e9d7fa1e-4ec3-4325-9a03-b44e69bd2424 HTTP/1.1
upgrade: websocket
connection: upgrade
sec-websocket-key: Xf4beTn2PIqLbAziTcHhiQ==
sec-websocket-version: 13
origin: http://localhost:2733
host: localhost:2733
accept: */*
user-agent: AHC/2.1

Response DefaultHttpResponse(decodeResult: success, version: HTTP/1.1)
HTTP/1.1 101 WebSocket Protocol Handshake
Upgrade: WebSocket
Connection: Upgrade
Sec-WebSocket-Accept: BfPDDOhIidlvGzrWRn5ewx5gwEI=

2024-11-09 11:44:05 DEBUG NettyRequestSender:593 - Using pooled Channel '[id: 0x943e6cdb, L:/127.0.0.1:2732 - R:localhost/127.0.0.1:1944]' for 'DELETE' to 'http://localhost:1944/session/2f37a79630ab874f4880c6f28c768720/cookie'
2024-11-09 11:44:05 DEBUG NettyRequestSender:251 - Using open Channel [id: 0x943e6cdb, L:/127.0.0.1:2732 - R:localhost/127.0.0.1:1944] for DELETE '/session/2f37a79630ab874f4880c6f28c768720/cookie'
2024-11-09 11:44:05 DEBUG HttpHandler:70 - 

Request DefaultFullHttpRequest(decodeResult: success, version: HTTP/1.1, content: EmptyByteBufBE)
DELETE /session/2f37a79630ab874f4880c6f28c768720/cookie HTTP/1.1
User-Agent: selenium/4.13.0 (java windows)
Content-Type: application/json; charset=utf-8
host: localhost:1944
accept: */*

Response DefaultHttpResponse(decodeResult: success, version: HTTP/1.1)
HTTP/1.1 200 OK
Content-Length: 14
Content-Type: application/json; charset=utf-8
cache-control: no-cache

2024-11-09 11:44:05 DEBUG ChannelManager:270 - Adding key: http://localhost:1944 for channel [id: 0x943e6cdb, L:/127.0.0.1:2732 - R:localhost/127.0.0.1:1944]
2024-11-09 11:44:05 DEBUG NettyRequestSender:593 - Using pooled Channel '[id: 0x943e6cdb, L:/127.0.0.1:2732 - R:localhost/127.0.0.1:1944]' for 'POST' to 'http://localhost:1944/session/2f37a79630ab874f4880c6f28c768720/timeouts'
2024-11-09 11:44:05 DEBUG NettyRequestSender:251 - Using open Channel [id: 0x943e6cdb, L:/127.0.0.1:2732 - R:localhost/127.0.0.1:1944] for POST '/session/2f37a79630ab874f4880c6f28c768720/timeouts'
2024-11-09 11:44:05 DEBUG HttpHandler:70 - 

Request DefaultHttpRequest(decodeResult: success, version: HTTP/1.1)
POST /session/2f37a79630ab874f4880c6f28c768720/timeouts HTTP/1.1
User-Agent: selenium/4.13.0 (java windows)
Content-Length: 23
Content-Type: application/json; charset=utf-8
host: localhost:1944
accept: */*

Response DefaultHttpResponse(decodeResult: success, version: HTTP/1.1)
HTTP/1.1 200 OK
Content-Length: 14
Content-Type: application/json; charset=utf-8
cache-control: no-cache

2024-11-09 11:44:05 DEBUG ChannelManager:270 - Adding key: http://localhost:1944 for channel [id: 0x943e6cdb, L:/127.0.0.1:2732 - R:localhost/127.0.0.1:1944]
2024-11-09 11:44:05 DEBUG NettyRequestSender:593 - Using pooled Channel '[id: 0x943e6cdb, L:/127.0.0.1:2732 - R:localhost/127.0.0.1:1944]' for 'POST' to 'http://localhost:1944/session/2f37a79630ab874f4880c6f28c768720/url'
2024-11-09 11:44:05 DEBUG NettyRequestSender:251 - Using open Channel [id: 0x943e6cdb, L:/127.0.0.1:2732 - R:localhost/127.0.0.1:1944] for POST '/session/2f37a79630ab874f4880c6f28c768720/url'
2024-11-09 11:44:06 DEBUG DefaultChannelPool:348 - Entry count for : http://localhost:2733 : 1
2024-11-09 11:44:07 DEBUG HttpHandler:70 - 

Request DefaultHttpRequest(decodeResult: success, version: HTTP/1.1)
POST /session/2f37a79630ab874f4880c6f28c768720/url HTTP/1.1
User-Agent: selenium/4.13.0 (java windows)
Content-Length: 67
Content-Type: application/json; charset=utf-8
host: localhost:1944
accept: */*

Response DefaultHttpResponse(decodeResult: success, version: HTTP/1.1)
HTTP/1.1 200 OK
Content-Length: 14
Content-Type: application/json; charset=utf-8
cache-control: no-cache

2024-11-09 11:44:07 DEBUG ChannelManager:270 - Adding key: http://localhost:1944 for channel [id: 0x943e6cdb, L:/127.0.0.1:2732 - R:localhost/127.0.0.1:1944]
2024-11-09 11:44:07 DEBUG NettyRequestSender:593 - Using pooled Channel '[id: 0x943e6cdb, L:/127.0.0.1:2732 - R:localhost/127.0.0.1:1944]' for 'POST' to 'http://localhost:1944/session/2f37a79630ab874f4880c6f28c768720/window/maximize'
2024-11-09 11:44:07 DEBUG NettyRequestSender:251 - Using open Channel [id: 0x943e6cdb, L:/127.0.0.1:2732 - R:localhost/127.0.0.1:1944] for POST '/session/2f37a79630ab874f4880c6f28c768720/window/maximize'
2024-11-09 11:44:07 DEBUG HttpHandler:70 - 

Request DefaultHttpRequest(decodeResult: success, version: HTTP/1.1)
POST /session/2f37a79630ab874f4880c6f28c768720/window/maximize HTTP/1.1
User-Agent: selenium/4.13.0 (java windows)
Content-Length: 3
Content-Type: application/json; charset=utf-8
host: localhost:1944
accept: */*

Response DefaultHttpResponse(decodeResult: success, version: HTTP/1.1)
HTTP/1.1 200 OK
Content-Length: 51
Content-Type: application/json; charset=utf-8
cache-control: no-cache

2024-11-09 11:44:07 DEBUG ChannelManager:270 - Adding key: http://localhost:1944 for channel [id: 0x943e6cdb, L:/127.0.0.1:2732 - R:localhost/127.0.0.1:1944]
2024-11-09 11:44:07 INFO  TC_001_AccountRegistrationTest:18 - testAccountRegistration tc started
2024-11-09 11:44:07 DEBUG NettyRequestSender:593 - Using pooled Channel '[id: 0x943e6cdb, L:/127.0.0.1:2732 - R:localhost/127.0.0.1:1944]' for 'POST' to 'http://localhost:1944/session/2f37a79630ab874f4880c6f28c768720/element'
2024-11-09 11:44:07 DEBUG NettyRequestSender:251 - Using open Channel [id: 0x943e6cdb, L:/127.0.0.1:2732 - R:localhost/127.0.0.1:1944] for POST '/session/2f37a79630ab874f4880c6f28c768720/element'
2024-11-09 11:44:07 DEBUG HttpHandler:70 - 

Request DefaultHttpRequest(decodeResult: success, version: HTTP/1.1)
POST /session/2f37a79630ab874f4880c6f28c768720/element HTTP/1.1
User-Agent: selenium/4.13.0 (java windows)
Content-Length: 85
Content-Type: application/json; charset=utf-8
host: localhost:1944
accept: */*

Response DefaultHttpResponse(decodeResult: success, version: HTTP/1.1)
HTTP/1.1 200 OK
Content-Length: 126
Content-Type: application/json; charset=utf-8
cache-control: no-cache

2024-11-09 11:44:07 DEBUG ChannelManager:270 - Adding key: http://localhost:1944 for channel [id: 0x943e6cdb, L:/127.0.0.1:2732 - R:localhost/127.0.0.1:1944]
2024-11-09 11:44:07 DEBUG NettyRequestSender:593 - Using pooled Channel '[id: 0x943e6cdb, L:/127.0.0.1:2732 - R:localhost/127.0.0.1:1944]' for 'POST' to 'http://localhost:1944/session/2f37a79630ab874f4880c6f28c768720/element/f.BAE8FE9AEEDA9D6C4A178AE879FA6761.d.2D2111C5C667E4DCA1CEF0FBD8C02097.e.90/click'
2024-11-09 11:44:07 DEBUG NettyRequestSender:251 - Using open Channel [id: 0x943e6cdb, L:/127.0.0.1:2732 - R:localhost/127.0.0.1:1944] for POST '/session/2f37a79630ab874f4880c6f28c768720/element/f.BAE8FE9AEEDA9D6C4A178AE879FA6761.d.2D2111C5C667E4DCA1CEF0FBD8C02097.e.90/click'
2024-11-09 11:44:07 DEBUG HttpHandler:70 - 

Request DefaultHttpRequest(decodeResult: success, version: HTTP/1.1)
POST /session/2f37a79630ab874f4880c6f28c768720/element/f.BAE8FE9AEEDA9D6C4A178AE879FA6761.d.2D2111C5C667E4DCA1CEF0FBD8C02097.e.90/click HTTP/1.1
User-Agent: selenium/4.13.0 (java windows)
Content-Length: 88
Content-Type: application/json; charset=utf-8
host: localhost:1944
accept: */*

Response DefaultHttpResponse(decodeResult: success, version: HTTP/1.1)
HTTP/1.1 200 OK
Content-Length: 14
Content-Type: application/json; charset=utf-8
cache-control: no-cache

2024-11-09 11:44:07 DEBUG ChannelManager:270 - Adding key: http://localhost:1944 for channel [id: 0x943e6cdb, L:/127.0.0.1:2732 - R:localhost/127.0.0.1:1944]
2024-11-09 11:44:07 INFO  TC_001_AccountRegistrationTest:26 - clicked on my account
2024-11-09 11:44:07 DEBUG NettyRequestSender:593 - Using pooled Channel '[id: 0x943e6cdb, L:/127.0.0.1:2732 - R:localhost/127.0.0.1:1944]' for 'POST' to 'http://localhost:1944/session/2f37a79630ab874f4880c6f28c768720/element'
2024-11-09 11:44:07 DEBUG NettyRequestSender:251 - Using open Channel [id: 0x943e6cdb, L:/127.0.0.1:2732 - R:localhost/127.0.0.1:1944] for POST '/session/2f37a79630ab874f4880c6f28c768720/element'
2024-11-09 11:44:07 DEBUG HttpHandler:70 - 

Request DefaultHttpRequest(decodeResult: success, version: HTTP/1.1)
POST /session/2f37a79630ab874f4880c6f28c768720/element HTTP/1.1
User-Agent: selenium/4.13.0 (java windows)
Content-Length: 80
Content-Type: application/json; charset=utf-8
host: localhost:1944
accept: */*

Response DefaultHttpResponse(decodeResult: success, version: HTTP/1.1)
HTTP/1.1 200 OK
Content-Length: 126
Content-Type: application/json; charset=utf-8
cache-control: no-cache

2024-11-09 11:44:07 DEBUG ChannelManager:270 - Adding key: http://localhost:1944 for channel [id: 0x943e6cdb, L:/127.0.0.1:2732 - R:localhost/127.0.0.1:1944]
2024-11-09 11:44:07 DEBUG NettyRequestSender:593 - Using pooled Channel '[id: 0x943e6cdb, L:/127.0.0.1:2732 - R:localhost/127.0.0.1:1944]' for 'POST' to 'http://localhost:1944/session/2f37a79630ab874f4880c6f28c768720/element/f.BAE8FE9AEEDA9D6C4A178AE879FA6761.d.2D2111C5C667E4DCA1CEF0FBD8C02097.e.91/click'
2024-11-09 11:44:07 DEBUG NettyRequestSender:251 - Using open Channel [id: 0x943e6cdb, L:/127.0.0.1:2732 - R:localhost/127.0.0.1:1944] for POST '/session/2f37a79630ab874f4880c6f28c768720/element/f.BAE8FE9AEEDA9D6C4A178AE879FA6761.d.2D2111C5C667E4DCA1CEF0FBD8C02097.e.91/click'
2024-11-09 11:44:07 DEBUG DefaultChannelPool:348 - Entry count for : http://localhost:2733 : 1
2024-11-09 11:44:08 DEBUG HttpHandler:70 - 

Request DefaultHttpRequest(decodeResult: success, version: HTTP/1.1)
POST /session/2f37a79630ab874f4880c6f28c768720/element/f.BAE8FE9AEEDA9D6C4A178AE879FA6761.d.2D2111C5C667E4DCA1CEF0FBD8C02097.e.91/click HTTP/1.1
User-Agent: selenium/4.13.0 (java windows)
Content-Length: 88
Content-Type: application/json; charset=utf-8
host: localhost:1944
accept: */*

Response DefaultHttpResponse(decodeResult: success, version: HTTP/1.1)
HTTP/1.1 200 OK
Content-Length: 14
Content-Type: application/json; charset=utf-8
cache-control: no-cache

2024-11-09 11:44:08 DEBUG ChannelManager:270 - Adding key: http://localhost:1944 for channel [id: 0x943e6cdb, L:/127.0.0.1:2732 - R:localhost/127.0.0.1:1944]
2024-11-09 11:44:08 INFO  TC_001_AccountRegistrationTest:28 - clicked on register
2024-11-09 11:44:08 INFO  TC_001_AccountRegistrationTest:31 - providing customer details
2024-11-09 11:44:08 DEBUG NettyRequestSender:593 - Using pooled Channel '[id: 0x943e6cdb, L:/127.0.0.1:2732 - R:localhost/127.0.0.1:1944]' for 'POST' to 'http://localhost:1944/session/2f37a79630ab874f4880c6f28c768720/element'
2024-11-09 11:44:08 DEBUG NettyRequestSender:251 - Using open Channel [id: 0x943e6cdb, L:/127.0.0.1:2732 - R:localhost/127.0.0.1:1944] for POST '/session/2f37a79630ab874f4880c6f28c768720/element'
2024-11-09 11:44:08 DEBUG HttpHandler:70 - 

Request DefaultHttpRequest(decodeResult: success, version: HTTP/1.1)
POST /session/2f37a79630ab874f4880c6f28c768720/element HTTP/1.1
User-Agent: selenium/4.13.0 (java windows)
Content-Length: 77
Content-Type: application/json; charset=utf-8
host: localhost:1944
accept: */*

Response DefaultHttpResponse(decodeResult: success, version: HTTP/1.1)
HTTP/1.1 200 OK
Content-Length: 126
Content-Type: application/json; charset=utf-8
cache-control: no-cache

2024-11-09 11:44:08 DEBUG ChannelManager:270 - Adding key: http://localhost:1944 for channel [id: 0x943e6cdb, L:/127.0.0.1:2732 - R:localhost/127.0.0.1:1944]
2024-11-09 11:44:08 DEBUG NettyRequestSender:593 - Using pooled Channel '[id: 0x943e6cdb, L:/127.0.0.1:2732 - R:localhost/127.0.0.1:1944]' for 'POST' to 'http://localhost:1944/session/2f37a79630ab874f4880c6f28c768720/element/f.BAE8FE9AEEDA9D6C4A178AE879FA6761.d.9003F2FE9367F8D45AB3C092A2F5B683.e.95/value'
2024-11-09 11:44:08 DEBUG NettyRequestSender:251 - Using open Channel [id: 0x943e6cdb, L:/127.0.0.1:2732 - R:localhost/127.0.0.1:1944] for POST '/session/2f37a79630ab874f4880c6f28c768720/element/f.BAE8FE9AEEDA9D6C4A178AE879FA6761.d.9003F2FE9367F8D45AB3C092A2F5B683.e.95/value'
2024-11-09 11:44:08 DEBUG HttpHandler:70 - 

Request DefaultHttpRequest(decodeResult: success, version: HTTP/1.1)
POST /session/2f37a79630ab874f4880c6f28c768720/element/f.BAE8FE9AEEDA9D6C4A178AE879FA6761.d.9003F2FE9367F8D45AB3C092A2F5B683.e.95/value HTTP/1.1
User-Agent: selenium/4.13.0 (java windows)
Content-Length: 169
Content-Type: application/json; charset=utf-8
host: localhost:1944
accept: */*

Response DefaultHttpResponse(decodeResult: success, version: HTTP/1.1)
HTTP/1.1 200 OK
Content-Length: 14
Content-Type: application/json; charset=utf-8
cache-control: no-cache

2024-11-09 11:44:08 DEBUG ChannelManager:270 - Adding key: http://localhost:1944 for channel [id: 0x943e6cdb, L:/127.0.0.1:2732 - R:localhost/127.0.0.1:1944]
2024-11-09 11:44:08 DEBUG NettyRequestSender:593 - Using pooled Channel '[id: 0x943e6cdb, L:/127.0.0.1:2732 - R:localhost/127.0.0.1:1944]' for 'POST' to 'http://localhost:1944/session/2f37a79630ab874f4880c6f28c768720/element'
2024-11-09 11:44:08 DEBUG NettyRequestSender:251 - Using open Channel [id: 0x943e6cdb, L:/127.0.0.1:2732 - R:localhost/127.0.0.1:1944] for POST '/session/2f37a79630ab874f4880c6f28c768720/element'
2024-11-09 11:44:08 DEBUG HttpHandler:70 - 

Request DefaultHttpRequest(decodeResult: success, version: HTTP/1.1)
POST /session/2f37a79630ab874f4880c6f28c768720/element HTTP/1.1
User-Agent: selenium/4.13.0 (java windows)
Content-Length: 76
Content-Type: application/json; charset=utf-8
host: localhost:1944
accept: */*

Response DefaultHttpResponse(decodeResult: success, version: HTTP/1.1)
HTTP/1.1 200 OK
Content-Length: 126
Content-Type: application/json; charset=utf-8
cache-control: no-cache

2024-11-09 11:44:08 DEBUG ChannelManager:270 - Adding key: http://localhost:1944 for channel [id: 0x943e6cdb, L:/127.0.0.1:2732 - R:localhost/127.0.0.1:1944]
2024-11-09 11:44:08 DEBUG NettyRequestSender:593 - Using pooled Channel '[id: 0x943e6cdb, L:/127.0.0.1:2732 - R:localhost/127.0.0.1:1944]' for 'POST' to 'http://localhost:1944/session/2f37a79630ab874f4880c6f28c768720/element/f.BAE8FE9AEEDA9D6C4A178AE879FA6761.d.9003F2FE9367F8D45AB3C092A2F5B683.e.96/value'
2024-11-09 11:44:08 DEBUG NettyRequestSender:251 - Using open Channel [id: 0x943e6cdb, L:/127.0.0.1:2732 - R:localhost/127.0.0.1:1944] for POST '/session/2f37a79630ab874f4880c6f28c768720/element/f.BAE8FE9AEEDA9D6C4A178AE879FA6761.d.9003F2FE9367F8D45AB3C092A2F5B683.e.96/value'
2024-11-09 11:44:08 DEBUG HttpHandler:70 - 

Request DefaultHttpRequest(decodeResult: success, version: HTTP/1.1)
POST /session/2f37a79630ab874f4880c6f28c768720/element/f.BAE8FE9AEEDA9D6C4A178AE879FA6761.d.9003F2FE9367F8D45AB3C092A2F5B683.e.96/value HTTP/1.1
User-Agent: selenium/4.13.0 (java windows)
Content-Length: 169
Content-Type: application/json; charset=utf-8
host: localhost:1944
accept: */*

Response DefaultHttpResponse(decodeResult: success, version: HTTP/1.1)
HTTP/1.1 200 OK
Content-Length: 14
Content-Type: application/json; charset=utf-8
cache-control: no-cache

2024-11-09 11:44:08 DEBUG ChannelManager:270 - Adding key: http://localhost:1944 for channel [id: 0x943e6cdb, L:/127.0.0.1:2732 - R:localhost/127.0.0.1:1944]
2024-11-09 11:44:08 DEBUG NettyRequestSender:593 - Using pooled Channel '[id: 0x943e6cdb, L:/127.0.0.1:2732 - R:localhost/127.0.0.1:1944]' for 'POST' to 'http://localhost:1944/session/2f37a79630ab874f4880c6f28c768720/element'
2024-11-09 11:44:08 DEBUG NettyRequestSender:251 - Using open Channel [id: 0x943e6cdb, L:/127.0.0.1:2732 - R:localhost/127.0.0.1:1944] for POST '/session/2f37a79630ab874f4880c6f28c768720/element'
2024-11-09 11:44:08 DEBUG HttpHandler:70 - 

Request DefaultHttpRequest(decodeResult: success, version: HTTP/1.1)
POST /session/2f37a79630ab874f4880c6f28c768720/element HTTP/1.1
User-Agent: selenium/4.13.0 (java windows)
Content-Length: 73
Content-Type: application/json; charset=utf-8
host: localhost:1944
accept: */*

Response DefaultHttpResponse(decodeResult: success, version: HTTP/1.1)
HTTP/1.1 200 OK
Content-Length: 126
Content-Type: application/json; charset=utf-8
cache-control: no-cache

2024-11-09 11:44:08 DEBUG ChannelManager:270 - Adding key: http://localhost:1944 for channel [id: 0x943e6cdb, L:/127.0.0.1:2732 - R:localhost/127.0.0.1:1944]
2024-11-09 11:44:08 DEBUG NettyRequestSender:593 - Using pooled Channel '[id: 0x943e6cdb, L:/127.0.0.1:2732 - R:localhost/127.0.0.1:1944]' for 'POST' to 'http://localhost:1944/session/2f37a79630ab874f4880c6f28c768720/element/f.BAE8FE9AEEDA9D6C4A178AE879FA6761.d.9003F2FE9367F8D45AB3C092A2F5B683.e.97/value'
2024-11-09 11:44:08 DEBUG NettyRequestSender:251 - Using open Channel [id: 0x943e6cdb, L:/127.0.0.1:2732 - R:localhost/127.0.0.1:1944] for POST '/session/2f37a79630ab874f4880c6f28c768720/element/f.BAE8FE9AEEDA9D6C4A178AE879FA6761.d.9003F2FE9367F8D45AB3C092A2F5B683.e.97/value'
2024-11-09 11:44:08 DEBUG HttpHandler:70 - 

Request DefaultHttpRequest(decodeResult: success, version: HTTP/1.1)
POST /session/2f37a79630ab874f4880c6f28c768720/element/f.BAE8FE9AEEDA9D6C4A178AE879FA6761.d.9003F2FE9367F8D45AB3C092A2F5B683.e.97/value HTTP/1.1
User-Agent: selenium/4.13.0 (java windows)
Content-Length: 269
Content-Type: application/json; charset=utf-8
host: localhost:1944
accept: */*

Response DefaultHttpResponse(decodeResult: success, version: HTTP/1.1)
HTTP/1.1 200 OK
Content-Length: 14
Content-Type: application/json; charset=utf-8
cache-control: no-cache

2024-11-09 11:44:08 DEBUG ChannelManager:270 - Adding key: http://localhost:1944 for channel [id: 0x943e6cdb, L:/127.0.0.1:2732 - R:localhost/127.0.0.1:1944]
2024-11-09 11:44:08 DEBUG NettyRequestSender:593 - Using pooled Channel '[id: 0x943e6cdb, L:/127.0.0.1:2732 - R:localhost/127.0.0.1:1944]' for 'POST' to 'http://localhost:1944/session/2f37a79630ab874f4880c6f28c768720/element'
2024-11-09 11:44:08 DEBUG NettyRequestSender:251 - Using open Channel [id: 0x943e6cdb, L:/127.0.0.1:2732 - R:localhost/127.0.0.1:1944] for POST '/session/2f37a79630ab874f4880c6f28c768720/element'
2024-11-09 11:44:08 DEBUG HttpHandler:70 - 

Request DefaultHttpRequest(decodeResult: success, version: HTTP/1.1)
POST /session/2f37a79630ab874f4880c6f28c768720/element HTTP/1.1
User-Agent: selenium/4.13.0 (java windows)
Content-Length: 76
Content-Type: application/json; charset=utf-8
host: localhost:1944
accept: */*

Response DefaultHttpResponse(decodeResult: success, version: HTTP/1.1)
HTTP/1.1 200 OK
Content-Length: 126
Content-Type: application/json; charset=utf-8
cache-control: no-cache

2024-11-09 11:44:08 DEBUG ChannelManager:270 - Adding key: http://localhost:1944 for channel [id: 0x943e6cdb, L:/127.0.0.1:2732 - R:localhost/127.0.0.1:1944]
2024-11-09 11:44:08 DEBUG NettyRequestSender:593 - Using pooled Channel '[id: 0x943e6cdb, L:/127.0.0.1:2732 - R:localhost/127.0.0.1:1944]' for 'POST' to 'http://localhost:1944/session/2f37a79630ab874f4880c6f28c768720/element/f.BAE8FE9AEEDA9D6C4A178AE879FA6761.d.9003F2FE9367F8D45AB3C092A2F5B683.e.99/value'
2024-11-09 11:44:08 DEBUG NettyRequestSender:251 - Using open Channel [id: 0x943e6cdb, L:/127.0.0.1:2732 - R:localhost/127.0.0.1:1944] for POST '/session/2f37a79630ab874f4880c6f28c768720/element/f.BAE8FE9AEEDA9D6C4A178AE879FA6761.d.9003F2FE9367F8D45AB3C092A2F5B683.e.99/value'
2024-11-09 11:44:08 DEBUG HttpHandler:70 - 

Request DefaultHttpRequest(decodeResult: success, version: HTTP/1.1)
POST /session/2f37a79630ab874f4880c6f28c768720/element/f.BAE8FE9AEEDA9D6C4A178AE879FA6761.d.9003F2FE9367F8D45AB3C092A2F5B683.e.99/value HTTP/1.1
User-Agent: selenium/4.13.0 (java windows)
Content-Length: 219
Content-Type: application/json; charset=utf-8
host: localhost:1944
accept: */*

Response DefaultHttpResponse(decodeResult: success, version: HTTP/1.1)
HTTP/1.1 200 OK
Content-Length: 14
Content-Type: application/json; charset=utf-8
cache-control: no-cache

2024-11-09 11:44:08 DEBUG ChannelManager:270 - Adding key: http://localhost:1944 for channel [id: 0x943e6cdb, L:/127.0.0.1:2732 - R:localhost/127.0.0.1:1944]
2024-11-09 11:44:08 DEBUG NettyRequestSender:593 - Using pooled Channel '[id: 0x943e6cdb, L:/127.0.0.1:2732 - R:localhost/127.0.0.1:1944]' for 'POST' to 'http://localhost:1944/session/2f37a79630ab874f4880c6f28c768720/element'
2024-11-09 11:44:08 DEBUG NettyRequestSender:251 - Using open Channel [id: 0x943e6cdb, L:/127.0.0.1:2732 - R:localhost/127.0.0.1:1944] for POST '/session/2f37a79630ab874f4880c6f28c768720/element'
2024-11-09 11:44:08 DEBUG HttpHandler:70 - 

Request DefaultHttpRequest(decodeResult: success, version: HTTP/1.1)
POST /session/2f37a79630ab874f4880c6f28c768720/element HTTP/1.1
User-Agent: selenium/4.13.0 (java windows)
Content-Length: 75
Content-Type: application/json; charset=utf-8
host: localhost:1944
accept: */*

Response DefaultHttpResponse(decodeResult: success, version: HTTP/1.1)
HTTP/1.1 200 OK
Content-Length: 127
Content-Type: application/json; charset=utf-8
cache-control: no-cache

2024-11-09 11:44:08 DEBUG ChannelManager:270 - Adding key: http://localhost:1944 for channel [id: 0x943e6cdb, L:/127.0.0.1:2732 - R:localhost/127.0.0.1:1944]
2024-11-09 11:44:08 DEBUG NettyRequestSender:593 - Using pooled Channel '[id: 0x943e6cdb, L:/127.0.0.1:2732 - R:localhost/127.0.0.1:1944]' for 'POST' to 'http://localhost:1944/session/2f37a79630ab874f4880c6f28c768720/element/f.BAE8FE9AEEDA9D6C4A178AE879FA6761.d.9003F2FE9367F8D45AB3C092A2F5B683.e.100/value'
2024-11-09 11:44:08 DEBUG NettyRequestSender:251 - Using open Channel [id: 0x943e6cdb, L:/127.0.0.1:2732 - R:localhost/127.0.0.1:1944] for POST '/session/2f37a79630ab874f4880c6f28c768720/element/f.BAE8FE9AEEDA9D6C4A178AE879FA6761.d.9003F2FE9367F8D45AB3C092A2F5B683.e.100/value'
2024-11-09 11:44:08 DEBUG HttpHandler:70 - 

Request DefaultHttpRequest(decodeResult: success, version: HTTP/1.1)
POST /session/2f37a79630ab874f4880c6f28c768720/element/f.BAE8FE9AEEDA9D6C4A178AE879FA6761.d.9003F2FE9367F8D45AB3C092A2F5B683.e.100/value HTTP/1.1
User-Agent: selenium/4.13.0 (java windows)
Content-Length: 220
Content-Type: application/json; charset=utf-8
host: localhost:1944
accept: */*

Response DefaultHttpResponse(decodeResult: success, version: HTTP/1.1)
HTTP/1.1 200 OK
Content-Length: 14
Content-Type: application/json; charset=utf-8
cache-control: no-cache

2024-11-09 11:44:08 DEBUG ChannelManager:270 - Adding key: http://localhost:1944 for channel [id: 0x943e6cdb, L:/127.0.0.1:2732 - R:localhost/127.0.0.1:1944]
2024-11-09 11:44:08 DEBUG NettyRequestSender:593 - Using pooled Channel '[id: 0x943e6cdb, L:/127.0.0.1:2732 - R:localhost/127.0.0.1:1944]' for 'POST' to 'http://localhost:1944/session/2f37a79630ab874f4880c6f28c768720/element'
2024-11-09 11:44:08 DEBUG NettyRequestSender:251 - Using open Channel [id: 0x943e6cdb, L:/127.0.0.1:2732 - R:localhost/127.0.0.1:1944] for POST '/session/2f37a79630ab874f4880c6f28c768720/element'
2024-11-09 11:44:08 DEBUG HttpHandler:70 - 

Request DefaultHttpRequest(decodeResult: success, version: HTTP/1.1)
POST /session/2f37a79630ab874f4880c6f28c768720/element HTTP/1.1
User-Agent: selenium/4.13.0 (java windows)
Content-Length: 77
Content-Type: application/json; charset=utf-8
host: localhost:1944
accept: */*

Response DefaultHttpResponse(decodeResult: success, version: HTTP/1.1)
HTTP/1.1 200 OK
Content-Length: 126
Content-Type: application/json; charset=utf-8
cache-control: no-cache

2024-11-09 11:44:08 DEBUG ChannelManager:270 - Adding key: http://localhost:1944 for channel [id: 0x943e6cdb, L:/127.0.0.1:2732 - R:localhost/127.0.0.1:1944]
2024-11-09 11:44:08 DEBUG NettyRequestSender:593 - Using pooled Channel '[id: 0x943e6cdb, L:/127.0.0.1:2732 - R:localhost/127.0.0.1:1944]' for 'POST' to 'http://localhost:1944/session/2f37a79630ab874f4880c6f28c768720/element/f.BAE8FE9AEEDA9D6C4A178AE879FA6761.d.9003F2FE9367F8D45AB3C092A2F5B683.e.98/value'
2024-11-09 11:44:08 DEBUG NettyRequestSender:251 - Using open Channel [id: 0x943e6cdb, L:/127.0.0.1:2732 - R:localhost/127.0.0.1:1944] for POST '/session/2f37a79630ab874f4880c6f28c768720/element/f.BAE8FE9AEEDA9D6C4A178AE879FA6761.d.9003F2FE9367F8D45AB3C092A2F5B683.e.98/value'
2024-11-09 11:44:08 DEBUG HttpHandler:70 - 

Request DefaultHttpRequest(decodeResult: success, version: HTTP/1.1)
POST /session/2f37a79630ab874f4880c6f28c768720/element/f.BAE8FE9AEEDA9D6C4A178AE879FA6761.d.9003F2FE9367F8D45AB3C092A2F5B683.e.98/value HTTP/1.1
User-Agent: selenium/4.13.0 (java windows)
Content-Length: 219
Content-Type: application/json; charset=utf-8
host: localhost:1944
accept: */*

Response DefaultHttpResponse(decodeResult: success, version: HTTP/1.1)
HTTP/1.1 200 OK
Content-Length: 14
Content-Type: application/json; charset=utf-8
cache-control: no-cache

2024-11-09 11:44:08 DEBUG ChannelManager:270 - Adding key: http://localhost:1944 for channel [id: 0x943e6cdb, L:/127.0.0.1:2732 - R:localhost/127.0.0.1:1944]
2024-11-09 11:44:08 DEBUG NettyRequestSender:593 - Using pooled Channel '[id: 0x943e6cdb, L:/127.0.0.1:2732 - R:localhost/127.0.0.1:1944]' for 'POST' to 'http://localhost:1944/session/2f37a79630ab874f4880c6f28c768720/element'
2024-11-09 11:44:08 DEBUG NettyRequestSender:251 - Using open Channel [id: 0x943e6cdb, L:/127.0.0.1:2732 - R:localhost/127.0.0.1:1944] for POST '/session/2f37a79630ab874f4880c6f28c768720/element'
2024-11-09 11:44:08 DEBUG HttpHandler:70 - 

Request DefaultHttpRequest(decodeResult: success, version: HTTP/1.1)
POST /session/2f37a79630ab874f4880c6f28c768720/element HTTP/1.1
User-Agent: selenium/4.13.0 (java windows)
Content-Length: 69
Content-Type: application/json; charset=utf-8
host: localhost:1944
accept: */*

Response DefaultHttpResponse(decodeResult: success, version: HTTP/1.1)
HTTP/1.1 200 OK
Content-Length: 127
Content-Type: application/json; charset=utf-8
cache-control: no-cache

2024-11-09 11:44:08 DEBUG ChannelManager:270 - Adding key: http://localhost:1944 for channel [id: 0x943e6cdb, L:/127.0.0.1:2732 - R:localhost/127.0.0.1:1944]
2024-11-09 11:44:08 DEBUG NettyRequestSender:593 - Using pooled Channel '[id: 0x943e6cdb, L:/127.0.0.1:2732 - R:localhost/127.0.0.1:1944]' for 'POST' to 'http://localhost:1944/session/2f37a79630ab874f4880c6f28c768720/element/f.BAE8FE9AEEDA9D6C4A178AE879FA6761.d.9003F2FE9367F8D45AB3C092A2F5B683.e.103/click'
2024-11-09 11:44:08 DEBUG NettyRequestSender:251 - Using open Channel [id: 0x943e6cdb, L:/127.0.0.1:2732 - R:localhost/127.0.0.1:1944] for POST '/session/2f37a79630ab874f4880c6f28c768720/element/f.BAE8FE9AEEDA9D6C4A178AE879FA6761.d.9003F2FE9367F8D45AB3C092A2F5B683.e.103/click'
2024-11-09 11:44:08 DEBUG HttpHandler:70 - 

Request DefaultHttpRequest(decodeResult: success, version: HTTP/1.1)
POST /session/2f37a79630ab874f4880c6f28c768720/element/f.BAE8FE9AEEDA9D6C4A178AE879FA6761.d.9003F2FE9367F8D45AB3C092A2F5B683.e.103/click HTTP/1.1
User-Agent: selenium/4.13.0 (java windows)
Content-Length: 89
Content-Type: application/json; charset=utf-8
host: localhost:1944
accept: */*

Response DefaultHttpResponse(decodeResult: success, version: HTTP/1.1)
HTTP/1.1 200 OK
Content-Length: 14
Content-Type: application/json; charset=utf-8
cache-control: no-cache

2024-11-09 11:44:08 DEBUG ChannelManager:270 - Adding key: http://localhost:1944 for channel [id: 0x943e6cdb, L:/127.0.0.1:2732 - R:localhost/127.0.0.1:1944]
2024-11-09 11:44:08 DEBUG NettyRequestSender:593 - Using pooled Channel '[id: 0x943e6cdb, L:/127.0.0.1:2732 - R:localhost/127.0.0.1:1944]' for 'POST' to 'http://localhost:1944/session/2f37a79630ab874f4880c6f28c768720/element'
2024-11-09 11:44:08 DEBUG NettyRequestSender:251 - Using open Channel [id: 0x943e6cdb, L:/127.0.0.1:2732 - R:localhost/127.0.0.1:1944] for POST '/session/2f37a79630ab874f4880c6f28c768720/element'
2024-11-09 11:44:08 DEBUG HttpHandler:70 - 

Request DefaultHttpRequest(decodeResult: success, version: HTTP/1.1)
POST /session/2f37a79630ab874f4880c6f28c768720/element HTTP/1.1
User-Agent: selenium/4.13.0 (java windows)
Content-Length: 73
Content-Type: application/json; charset=utf-8
host: localhost:1944
accept: */*

Response DefaultHttpResponse(decodeResult: success, version: HTTP/1.1)
HTTP/1.1 200 OK
Content-Length: 127
Content-Type: application/json; charset=utf-8
cache-control: no-cache

2024-11-09 11:44:08 DEBUG ChannelManager:270 - Adding key: http://localhost:1944 for channel [id: 0x943e6cdb, L:/127.0.0.1:2732 - R:localhost/127.0.0.1:1944]
2024-11-09 11:44:08 DEBUG NettyRequestSender:593 - Using pooled Channel '[id: 0x943e6cdb, L:/127.0.0.1:2732 - R:localhost/127.0.0.1:1944]' for 'POST' to 'http://localhost:1944/session/2f37a79630ab874f4880c6f28c768720/element/f.BAE8FE9AEEDA9D6C4A178AE879FA6761.d.9003F2FE9367F8D45AB3C092A2F5B683.e.115/click'
2024-11-09 11:44:08 DEBUG NettyRequestSender:251 - Using open Channel [id: 0x943e6cdb, L:/127.0.0.1:2732 - R:localhost/127.0.0.1:1944] for POST '/session/2f37a79630ab874f4880c6f28c768720/element/f.BAE8FE9AEEDA9D6C4A178AE879FA6761.d.9003F2FE9367F8D45AB3C092A2F5B683.e.115/click'
2024-11-09 11:44:08 DEBUG DefaultChannelPool:348 - Entry count for : http://localhost:2733 : 1
2024-11-09 11:44:09 DEBUG HttpHandler:70 - 

Request DefaultHttpRequest(decodeResult: success, version: HTTP/1.1)
POST /session/2f37a79630ab874f4880c6f28c768720/element/f.BAE8FE9AEEDA9D6C4A178AE879FA6761.d.9003F2FE9367F8D45AB3C092A2F5B683.e.115/click HTTP/1.1
User-Agent: selenium/4.13.0 (java windows)
Content-Length: 89
Content-Type: application/json; charset=utf-8
host: localhost:1944
accept: */*

Response DefaultHttpResponse(decodeResult: success, version: HTTP/1.1)
HTTP/1.1 200 OK
Content-Length: 14
Content-Type: application/json; charset=utf-8
cache-control: no-cache

2024-11-09 11:44:09 DEBUG ChannelManager:270 - Adding key: http://localhost:1944 for channel [id: 0x943e6cdb, L:/127.0.0.1:2732 - R:localhost/127.0.0.1:1944]
2024-11-09 11:44:09 INFO  TC_001_AccountRegistrationTest:47 - validate message
2024-11-09 11:44:09 DEBUG NettyRequestSender:593 - Using pooled Channel '[id: 0x943e6cdb, L:/127.0.0.1:2732 - R:localhost/127.0.0.1:1944]' for 'POST' to 'http://localhost:1944/session/2f37a79630ab874f4880c6f28c768720/element'
2024-11-09 11:44:09 DEBUG NettyRequestSender:251 - Using open Channel [id: 0x943e6cdb, L:/127.0.0.1:2732 - R:localhost/127.0.0.1:1944] for POST '/session/2f37a79630ab874f4880c6f28c768720/element'
2024-11-09 11:44:09 DEBUG HttpHandler:70 - 

Request DefaultHttpRequest(decodeResult: success, version: HTTP/1.1)
POST /session/2f37a79630ab874f4880c6f28c768720/element HTTP/1.1
User-Agent: selenium/4.13.0 (java windows)
Content-Length: 103
Content-Type: application/json; charset=utf-8
host: localhost:1944
accept: */*

Response DefaultHttpResponse(decodeResult: success, version: HTTP/1.1)
HTTP/1.1 200 OK
Content-Length: 127
Content-Type: application/json; charset=utf-8
cache-control: no-cache

2024-11-09 11:44:09 DEBUG ChannelManager:270 - Adding key: http://localhost:1944 for channel [id: 0x943e6cdb, L:/127.0.0.1:2732 - R:localhost/127.0.0.1:1944]
2024-11-09 11:44:09 DEBUG NettyRequestSender:593 - Using pooled Channel '[id: 0x943e6cdb, L:/127.0.0.1:2732 - R:localhost/127.0.0.1:1944]' for 'GET' to 'http://localhost:1944/session/2f37a79630ab874f4880c6f28c768720/element/f.BAE8FE9AEEDA9D6C4A178AE879FA6761.d.30C5816973DA371436EEF78145FBCA30.e.129/text'
2024-11-09 11:44:09 DEBUG NettyRequestSender:251 - Using open Channel [id: 0x943e6cdb, L:/127.0.0.1:2732 - R:localhost/127.0.0.1:1944] for GET '/session/2f37a79630ab874f4880c6f28c768720/element/f.BAE8FE9AEEDA9D6C4A178AE879FA6761.d.30C5816973DA371436EEF78145FBCA30.e.129/text'
2024-11-09 11:44:09 DEBUG HttpHandler:70 - 

Request DefaultFullHttpRequest(decodeResult: success, version: HTTP/1.1, content: EmptyByteBufBE)
GET /session/2f37a79630ab874f4880c6f28c768720/element/f.BAE8FE9AEEDA9D6C4A178AE879FA6761.d.30C5816973DA371436EEF78145FBCA30.e.129/text HTTP/1.1
Cache-Control: no-cache
User-Agent: selenium/4.13.0 (java windows)
Content-Type: application/json; charset=utf-8
host: localhost:1944
accept: */*

Response DefaultHttpResponse(decodeResult: success, version: HTTP/1.1)
HTTP/1.1 200 OK
Content-Length: 42
Content-Type: application/json; charset=utf-8
cache-control: no-cache

2024-11-09 11:44:09 DEBUG ChannelManager:270 - Adding key: http://localhost:1944 for channel [id: 0x943e6cdb, L:/127.0.0.1:2732 - R:localhost/127.0.0.1:1944]
2024-11-09 11:44:09 INFO  TC_001_AccountRegistrationTest:62 - Finished testAccountRegistration
]]></system-out>
    <system-err><![CDATA[Nov 09, 2024 11:44:05 AM org.openqa.selenium.devtools.CdpVersionFinder findNearestMatch
WARNING: Unable to find CDP implementation matching 130
Nov 09, 2024 11:44:05 AM org.openqa.selenium.chromium.ChromiumDriver lambda$new$5
WARNING: Unable to find version of CDP to use for 130.0.6723.117. You may need to include a dependency on a specific version of the CDP using something similar to `org.seleniumhq.selenium:selenium-devtools-v86:4.13.0` where the version ("v86") matches the version of the chromium-based browser you're using and the version number of the artifact is the same as Selenium's.
]]></system-err>
  </testcase>
  <testcase name="verify_login" classname="testCases.TC_002_LoginTest" time="1.473">
    <system-out><![CDATA[2024-11-09 11:44:09 DEBUG NettyRequestSender:593 - Using pooled Channel '[id: 0x943e6cdb, L:/127.0.0.1:2732 - R:localhost/127.0.0.1:1944]' for 'DELETE' to 'http://localhost:1944/session/2f37a79630ab874f4880c6f28c768720'
2024-11-09 11:44:09 DEBUG NettyRequestSender:251 - Using open Channel [id: 0x943e6cdb, L:/127.0.0.1:2732 - R:localhost/127.0.0.1:1944] for DELETE '/session/2f37a79630ab874f4880c6f28c768720'
2024-11-09 11:44:09 DEBUG WebSocketHandler:126 - Channel Closed: [id: 0x0b97a8d7, L:/127.0.0.1:2740 ! R:localhost/127.0.0.1:2733] with attribute DISCARD
2024-11-09 11:44:09 DEBUG HttpHandler:159 - Unexpected I/O exception on channel [id: 0x4a05237a, L:/127.0.0.1:2739 - R:localhost/127.0.0.1:2733]
java.net.SocketException: Connection reset
	at sun.nio.ch.SocketChannelImpl.throwConnectionReset(SocketChannelImpl.java:401) ~[?:?]
	at sun.nio.ch.SocketChannelImpl.read(SocketChannelImpl.java:434) ~[?:?]
	at io.netty.buffer.PooledByteBuf.setBytes(PooledByteBuf.java:254) ~[netty-buffer-4.1.96.Final.jar:4.1.96.Final]
	at io.netty.buffer.AbstractByteBuf.writeBytes(AbstractByteBuf.java:1132) ~[netty-buffer-4.1.96.Final.jar:4.1.96.Final]
	at io.netty.channel.socket.nio.NioSocketChannel.doReadBytes(NioSocketChannel.java:357) ~[netty-transport-4.1.96.Final.jar:4.1.96.Final]
	at io.netty.channel.nio.AbstractNioByteChannel$NioByteUnsafe.read(AbstractNioByteChannel.java:151) ~[netty-transport-4.1.96.Final.jar:4.1.96.Final]
	at io.netty.channel.nio.NioEventLoop.processSelectedKey(NioEventLoop.java:788) ~[netty-transport-4.1.96.Final.jar:4.1.96.Final]
	at io.netty.channel.nio.NioEventLoop.processSelectedKeysOptimized(NioEventLoop.java:724) ~[netty-transport-4.1.96.Final.jar:4.1.96.Final]
	at io.netty.channel.nio.NioEventLoop.processSelectedKeys(NioEventLoop.java:650) ~[netty-transport-4.1.96.Final.jar:4.1.96.Final]
	at io.netty.channel.nio.NioEventLoop.run(NioEventLoop.java:562) ~[netty-transport-4.1.96.Final.jar:4.1.96.Final]
	at io.netty.util.concurrent.SingleThreadEventExecutor$4.run(SingleThreadEventExecutor.java:997) ~[netty-common-4.1.96.Final.jar:4.1.96.Final]
	at io.netty.util.internal.ThreadExecutorMap$2.run(ThreadExecutorMap.java:74) ~[netty-common-4.1.96.Final.jar:4.1.96.Final]
	at io.netty.util.concurrent.FastThreadLocalRunnable.run(FastThreadLocalRunnable.java:30) ~[netty-common-4.1.96.Final.jar:4.1.96.Final]
	at java.lang.Thread.run(Thread.java:1583) [?:?]
2024-11-09 11:44:09 DEBUG ChannelManager:315 - Closing Channel [id: 0x4a05237a, L:/127.0.0.1:2739 - R:localhost/127.0.0.1:2733] 
2024-11-09 11:44:09 DEBUG HttpHandler:126 - Channel Closed: [id: 0x4a05237a, L:/127.0.0.1:2739 ! R:localhost/127.0.0.1:2733] with attribute DISCARD
2024-11-09 11:44:09 DEBUG HttpHandler:70 - 

Request DefaultFullHttpRequest(decodeResult: success, version: HTTP/1.1, content: EmptyByteBufBE)
DELETE /session/2f37a79630ab874f4880c6f28c768720 HTTP/1.1
User-Agent: selenium/4.13.0 (java windows)
Content-Type: application/json; charset=utf-8
host: localhost:1944
accept: */*

Response DefaultHttpResponse(decodeResult: success, version: HTTP/1.1)
HTTP/1.1 200 OK
Content-Length: 14
Content-Type: application/json; charset=utf-8
cache-control: no-cache

2024-11-09 11:44:09 DEBUG ChannelManager:270 - Adding key: http://localhost:1944 for channel [id: 0x943e6cdb, L:/127.0.0.1:2732 - R:localhost/127.0.0.1:1944]
2024-11-09 11:44:09 DEBUG HttpHandler:126 - Channel Closed: [id: 0x943e6cdb, L:/127.0.0.1:2732 ! R:localhost/127.0.0.1:1944] with attribute DISCARD
2024-11-09 11:44:09 DEBUG NettyConnectListener:73 - Using new Channel '[id: 0x59d37827, L:/127.0.0.1:2750 - R:localhost/127.0.0.1:3804]' for 'POST' to '/session'
2024-11-09 11:44:10 DEBUG DefaultChannelPool:348 - Entry count for : http://localhost:2733 : 1
2024-11-09 11:44:10 DEBUG DefaultChannelPool:348 - Entry count for : http://localhost:1944 : 1
2024-11-09 11:44:10 DEBUG DefaultChannelPool:302 - Adding Candidate expired Channel [id: 0x4a05237a, L:/127.0.0.1:2739 ! R:localhost/127.0.0.1:2733] isIdleTimeoutExpired=false isRemotelyClosed=true isTtlExpired=false
2024-11-09 11:44:10 DEBUG DefaultChannelPool:321 - Closing Idle Channel [id: 0x4a05237a, L:/127.0.0.1:2739 ! R:localhost/127.0.0.1:2733]
2024-11-09 11:44:10 DEBUG DefaultChannelPool:302 - Adding Candidate expired Channel [id: 0x943e6cdb, L:/127.0.0.1:2732 ! R:localhost/127.0.0.1:1944] isIdleTimeoutExpired=false isRemotelyClosed=true isTtlExpired=false
2024-11-09 11:44:10 DEBUG DefaultChannelPool:321 - Closing Idle Channel [id: 0x943e6cdb, L:/127.0.0.1:2732 ! R:localhost/127.0.0.1:1944]
2024-11-09 11:44:10 DEBUG DefaultChannelPool:374 - Closed 2 connections out of 2 in 1 ms
2024-11-09 11:44:10 DEBUG HttpHandler:70 - 

Request DefaultHttpRequest(decodeResult: success, version: HTTP/1.1)
POST /session HTTP/1.1
User-Agent: selenium/4.13.0 (java windows)
Content-Length: 336
Content-Type: application/json; charset=utf-8
host: localhost:3804
accept: */*

Response DefaultHttpResponse(decodeResult: success, version: HTTP/1.1)
HTTP/1.1 200 OK
Content-Length: 883
Content-Type: application/json; charset=utf-8
cache-control: no-cache

2024-11-09 11:44:10 DEBUG ChannelManager:270 - Adding key: http://localhost:3804 for channel [id: 0x59d37827, L:/127.0.0.1:2750 - R:localhost/127.0.0.1:3804]
2024-11-09 11:44:10 DEBUG NettyConnectListener:73 - Using new Channel '[id: 0x4bd78ced, L:/127.0.0.1:2757 - R:localhost/127.0.0.1:2751]' for 'GET' to '/json/version'
2024-11-09 11:44:10 DEBUG HttpHandler:70 - 

Request DefaultFullHttpRequest(decodeResult: success, version: HTTP/1.1, content: EmptyByteBufBE)
GET /json/version HTTP/1.1
User-Agent: selenium/4.13.0 (java windows)
host: localhost:2751
accept: */*

Response DefaultHttpResponse(decodeResult: success, version: HTTP/1.1)
HTTP/1.1 200 OK
Content-Security-Policy: frame-ancestors 'none'
Content-Length: 423
Content-Type: application/json; charset=UTF-8

2024-11-09 11:44:10 DEBUG ChannelManager:270 - Adding key: http://localhost:2751 for channel [id: 0x4bd78ced, L:/127.0.0.1:2757 - R:localhost/127.0.0.1:2751]
2024-11-09 11:44:10 DEBUG NettyConnectListener:73 - Using new Channel '[id: 0x9a5b37bf, L:/127.0.0.1:2758 - R:localhost/127.0.0.1:2751]' for 'GET' to '/devtools/browser/87617db5-7501-4a43-a317-3556a681f502'
2024-11-09 11:44:10 DEBUG WebSocketHandler:105 - 

Request DefaultFullHttpRequest(decodeResult: success, version: HTTP/1.1, content: EmptyByteBufBE)
GET /devtools/browser/87617db5-7501-4a43-a317-3556a681f502 HTTP/1.1
upgrade: websocket
connection: upgrade
sec-websocket-key: 9LnA25nIXYk3SHAL6geNrg==
sec-websocket-version: 13
origin: http://localhost:2751
host: localhost:2751
accept: */*
user-agent: AHC/2.1

Response DefaultHttpResponse(decodeResult: success, version: HTTP/1.1)
HTTP/1.1 101 WebSocket Protocol Handshake
Upgrade: WebSocket
Connection: Upgrade
Sec-WebSocket-Accept: A3MIi9EFPXxyP2uRCTWTRXCUtVU=

2024-11-09 11:44:10 DEBUG NettyRequestSender:593 - Using pooled Channel '[id: 0x59d37827, L:/127.0.0.1:2750 - R:localhost/127.0.0.1:3804]' for 'DELETE' to 'http://localhost:3804/session/ae625dda94cc343bc2ad680ee94b9ed2/cookie'
2024-11-09 11:44:10 DEBUG NettyRequestSender:251 - Using open Channel [id: 0x59d37827, L:/127.0.0.1:2750 - R:localhost/127.0.0.1:3804] for DELETE '/session/ae625dda94cc343bc2ad680ee94b9ed2/cookie'
2024-11-09 11:44:10 DEBUG HttpHandler:70 - 

Request DefaultFullHttpRequest(decodeResult: success, version: HTTP/1.1, content: EmptyByteBufBE)
DELETE /session/ae625dda94cc343bc2ad680ee94b9ed2/cookie HTTP/1.1
User-Agent: selenium/4.13.0 (java windows)
Content-Type: application/json; charset=utf-8
host: localhost:3804
accept: */*

Response DefaultHttpResponse(decodeResult: success, version: HTTP/1.1)
HTTP/1.1 200 OK
Content-Length: 14
Content-Type: application/json; charset=utf-8
cache-control: no-cache

2024-11-09 11:44:10 DEBUG ChannelManager:270 - Adding key: http://localhost:3804 for channel [id: 0x59d37827, L:/127.0.0.1:2750 - R:localhost/127.0.0.1:3804]
2024-11-09 11:44:10 DEBUG NettyRequestSender:593 - Using pooled Channel '[id: 0x59d37827, L:/127.0.0.1:2750 - R:localhost/127.0.0.1:3804]' for 'POST' to 'http://localhost:3804/session/ae625dda94cc343bc2ad680ee94b9ed2/timeouts'
2024-11-09 11:44:10 DEBUG NettyRequestSender:251 - Using open Channel [id: 0x59d37827, L:/127.0.0.1:2750 - R:localhost/127.0.0.1:3804] for POST '/session/ae625dda94cc343bc2ad680ee94b9ed2/timeouts'
2024-11-09 11:44:10 DEBUG HttpHandler:70 - 

Request DefaultHttpRequest(decodeResult: success, version: HTTP/1.1)
POST /session/ae625dda94cc343bc2ad680ee94b9ed2/timeouts HTTP/1.1
User-Agent: selenium/4.13.0 (java windows)
Content-Length: 23
Content-Type: application/json; charset=utf-8
host: localhost:3804
accept: */*

Response DefaultHttpResponse(decodeResult: success, version: HTTP/1.1)
HTTP/1.1 200 OK
Content-Length: 14
Content-Type: application/json; charset=utf-8
cache-control: no-cache

2024-11-09 11:44:10 DEBUG ChannelManager:270 - Adding key: http://localhost:3804 for channel [id: 0x59d37827, L:/127.0.0.1:2750 - R:localhost/127.0.0.1:3804]
2024-11-09 11:44:10 DEBUG NettyRequestSender:593 - Using pooled Channel '[id: 0x59d37827, L:/127.0.0.1:2750 - R:localhost/127.0.0.1:3804]' for 'POST' to 'http://localhost:3804/session/ae625dda94cc343bc2ad680ee94b9ed2/url'
2024-11-09 11:44:10 DEBUG NettyRequestSender:251 - Using open Channel [id: 0x59d37827, L:/127.0.0.1:2750 - R:localhost/127.0.0.1:3804] for POST '/session/ae625dda94cc343bc2ad680ee94b9ed2/url'
2024-11-09 11:44:11 DEBUG DefaultChannelPool:348 - Entry count for : http://localhost:2751 : 1
2024-11-09 11:44:12 DEBUG HttpHandler:70 - 

Request DefaultHttpRequest(decodeResult: success, version: HTTP/1.1)
POST /session/ae625dda94cc343bc2ad680ee94b9ed2/url HTTP/1.1
User-Agent: selenium/4.13.0 (java windows)
Content-Length: 67
Content-Type: application/json; charset=utf-8
host: localhost:3804
accept: */*

Response DefaultHttpResponse(decodeResult: success, version: HTTP/1.1)
HTTP/1.1 200 OK
Content-Length: 14
Content-Type: application/json; charset=utf-8
cache-control: no-cache

2024-11-09 11:44:12 DEBUG ChannelManager:270 - Adding key: http://localhost:3804 for channel [id: 0x59d37827, L:/127.0.0.1:2750 - R:localhost/127.0.0.1:3804]
2024-11-09 11:44:12 DEBUG NettyRequestSender:593 - Using pooled Channel '[id: 0x59d37827, L:/127.0.0.1:2750 - R:localhost/127.0.0.1:3804]' for 'POST' to 'http://localhost:3804/session/ae625dda94cc343bc2ad680ee94b9ed2/window/maximize'
2024-11-09 11:44:12 DEBUG NettyRequestSender:251 - Using open Channel [id: 0x59d37827, L:/127.0.0.1:2750 - R:localhost/127.0.0.1:3804] for POST '/session/ae625dda94cc343bc2ad680ee94b9ed2/window/maximize'
2024-11-09 11:44:12 DEBUG HttpHandler:70 - 

Request DefaultHttpRequest(decodeResult: success, version: HTTP/1.1)
POST /session/ae625dda94cc343bc2ad680ee94b9ed2/window/maximize HTTP/1.1
User-Agent: selenium/4.13.0 (java windows)
Content-Length: 3
Content-Type: application/json; charset=utf-8
host: localhost:3804
accept: */*

Response DefaultHttpResponse(decodeResult: success, version: HTTP/1.1)
HTTP/1.1 200 OK
Content-Length: 51
Content-Type: application/json; charset=utf-8
cache-control: no-cache

2024-11-09 11:44:12 DEBUG ChannelManager:270 - Adding key: http://localhost:3804 for channel [id: 0x59d37827, L:/127.0.0.1:2750 - R:localhost/127.0.0.1:3804]
2024-11-09 11:44:12 INFO  TC_002_LoginTest:16 - **** Starting TC_002_LoginTest *****
2024-11-09 11:44:12 DEBUG NettyRequestSender:593 - Using pooled Channel '[id: 0x59d37827, L:/127.0.0.1:2750 - R:localhost/127.0.0.1:3804]' for 'POST' to 'http://localhost:3804/session/ae625dda94cc343bc2ad680ee94b9ed2/element'
2024-11-09 11:44:12 DEBUG NettyRequestSender:251 - Using open Channel [id: 0x59d37827, L:/127.0.0.1:2750 - R:localhost/127.0.0.1:3804] for POST '/session/ae625dda94cc343bc2ad680ee94b9ed2/element'
2024-11-09 11:44:12 DEBUG HttpHandler:70 - 

Request DefaultHttpRequest(decodeResult: success, version: HTTP/1.1)
POST /session/ae625dda94cc343bc2ad680ee94b9ed2/element HTTP/1.1
User-Agent: selenium/4.13.0 (java windows)
Content-Length: 85
Content-Type: application/json; charset=utf-8
host: localhost:3804
accept: */*

Response DefaultHttpResponse(decodeResult: success, version: HTTP/1.1)
HTTP/1.1 200 OK
Content-Length: 125
Content-Type: application/json; charset=utf-8
cache-control: no-cache

2024-11-09 11:44:12 DEBUG ChannelManager:270 - Adding key: http://localhost:3804 for channel [id: 0x59d37827, L:/127.0.0.1:2750 - R:localhost/127.0.0.1:3804]
2024-11-09 11:44:12 DEBUG NettyRequestSender:593 - Using pooled Channel '[id: 0x59d37827, L:/127.0.0.1:2750 - R:localhost/127.0.0.1:3804]' for 'POST' to 'http://localhost:3804/session/ae625dda94cc343bc2ad680ee94b9ed2/element/f.57ED5F440506176A1FBAE73E12FB52EF.d.AC9312E7720C50B18398821441CE1141.e.5/click'
2024-11-09 11:44:12 DEBUG NettyRequestSender:251 - Using open Channel [id: 0x59d37827, L:/127.0.0.1:2750 - R:localhost/127.0.0.1:3804] for POST '/session/ae625dda94cc343bc2ad680ee94b9ed2/element/f.57ED5F440506176A1FBAE73E12FB52EF.d.AC9312E7720C50B18398821441CE1141.e.5/click'
2024-11-09 11:44:12 DEBUG HttpHandler:70 - 

Request DefaultHttpRequest(decodeResult: success, version: HTTP/1.1)
POST /session/ae625dda94cc343bc2ad680ee94b9ed2/element/f.57ED5F440506176A1FBAE73E12FB52EF.d.AC9312E7720C50B18398821441CE1141.e.5/click HTTP/1.1
User-Agent: selenium/4.13.0 (java windows)
Content-Length: 87
Content-Type: application/json; charset=utf-8
host: localhost:3804
accept: */*

Response DefaultHttpResponse(decodeResult: success, version: HTTP/1.1)
HTTP/1.1 200 OK
Content-Length: 14
Content-Type: application/json; charset=utf-8
cache-control: no-cache

2024-11-09 11:44:12 DEBUG ChannelManager:270 - Adding key: http://localhost:3804 for channel [id: 0x59d37827, L:/127.0.0.1:2750 - R:localhost/127.0.0.1:3804]
2024-11-09 11:44:12 DEBUG NettyRequestSender:593 - Using pooled Channel '[id: 0x59d37827, L:/127.0.0.1:2750 - R:localhost/127.0.0.1:3804]' for 'POST' to 'http://localhost:3804/session/ae625dda94cc343bc2ad680ee94b9ed2/element'
2024-11-09 11:44:12 DEBUG NettyRequestSender:251 - Using open Channel [id: 0x59d37827, L:/127.0.0.1:2750 - R:localhost/127.0.0.1:3804] for POST '/session/ae625dda94cc343bc2ad680ee94b9ed2/element'
2024-11-09 11:44:12 DEBUG HttpHandler:70 - 

Request DefaultHttpRequest(decodeResult: success, version: HTTP/1.1)
POST /session/ae625dda94cc343bc2ad680ee94b9ed2/element HTTP/1.1
User-Agent: selenium/4.13.0 (java windows)
Content-Length: 46
Content-Type: application/json; charset=utf-8
host: localhost:3804
accept: */*

Response DefaultHttpResponse(decodeResult: success, version: HTTP/1.1)
HTTP/1.1 200 OK
Content-Length: 126
Content-Type: application/json; charset=utf-8
cache-control: no-cache

2024-11-09 11:44:12 DEBUG ChannelManager:270 - Adding key: http://localhost:3804 for channel [id: 0x59d37827, L:/127.0.0.1:2750 - R:localhost/127.0.0.1:3804]
2024-11-09 11:44:12 DEBUG NettyRequestSender:593 - Using pooled Channel '[id: 0x59d37827, L:/127.0.0.1:2750 - R:localhost/127.0.0.1:3804]' for 'POST' to 'http://localhost:3804/session/ae625dda94cc343bc2ad680ee94b9ed2/element/f.57ED5F440506176A1FBAE73E12FB52EF.d.AC9312E7720C50B18398821441CE1141.e.78/click'
2024-11-09 11:44:12 DEBUG NettyRequestSender:251 - Using open Channel [id: 0x59d37827, L:/127.0.0.1:2750 - R:localhost/127.0.0.1:3804] for POST '/session/ae625dda94cc343bc2ad680ee94b9ed2/element/f.57ED5F440506176A1FBAE73E12FB52EF.d.AC9312E7720C50B18398821441CE1141.e.78/click'
2024-11-09 11:44:12 DEBUG DefaultChannelPool:348 - Entry count for : http://localhost:2751 : 1
2024-11-09 11:44:12 DEBUG HttpHandler:70 - 

Request DefaultHttpRequest(decodeResult: success, version: HTTP/1.1)
POST /session/ae625dda94cc343bc2ad680ee94b9ed2/element/f.57ED5F440506176A1FBAE73E12FB52EF.d.AC9312E7720C50B18398821441CE1141.e.78/click HTTP/1.1
User-Agent: selenium/4.13.0 (java windows)
Content-Length: 88
Content-Type: application/json; charset=utf-8
host: localhost:3804
accept: */*

Response DefaultHttpResponse(decodeResult: success, version: HTTP/1.1)
HTTP/1.1 200 OK
Content-Length: 14
Content-Type: application/json; charset=utf-8
cache-control: no-cache

2024-11-09 11:44:12 DEBUG ChannelManager:270 - Adding key: http://localhost:3804 for channel [id: 0x59d37827, L:/127.0.0.1:2750 - R:localhost/127.0.0.1:3804]
2024-11-09 11:44:12 DEBUG NettyRequestSender:593 - Using pooled Channel '[id: 0x59d37827, L:/127.0.0.1:2750 - R:localhost/127.0.0.1:3804]' for 'POST' to 'http://localhost:3804/session/ae625dda94cc343bc2ad680ee94b9ed2/element'
2024-11-09 11:44:12 DEBUG NettyRequestSender:251 - Using open Channel [id: 0x59d37827, L:/127.0.0.1:2750 - R:localhost/127.0.0.1:3804] for POST '/session/ae625dda94cc343bc2ad680ee94b9ed2/element'
2024-11-09 11:44:12 DEBUG HttpHandler:70 - 

Request DefaultHttpRequest(decodeResult: success, version: HTTP/1.1)
POST /session/ae625dda94cc343bc2ad680ee94b9ed2/element HTTP/1.1
User-Agent: selenium/4.13.0 (java windows)
Content-Length: 73
Content-Type: application/json; charset=utf-8
host: localhost:3804
accept: */*

Response DefaultHttpResponse(decodeResult: success, version: HTTP/1.1)
HTTP/1.1 200 OK
Content-Length: 126
Content-Type: application/json; charset=utf-8
cache-control: no-cache

2024-11-09 11:44:12 DEBUG ChannelManager:270 - Adding key: http://localhost:3804 for channel [id: 0x59d37827, L:/127.0.0.1:2750 - R:localhost/127.0.0.1:3804]
2024-11-09 11:44:12 DEBUG NettyRequestSender:593 - Using pooled Channel '[id: 0x59d37827, L:/127.0.0.1:2750 - R:localhost/127.0.0.1:3804]' for 'POST' to 'http://localhost:3804/session/ae625dda94cc343bc2ad680ee94b9ed2/element/f.57ED5F440506176A1FBAE73E12FB52EF.d.46424CFEB66965EBC9DC0B25020BE0F1.e.79/value'
2024-11-09 11:44:12 DEBUG NettyRequestSender:251 - Using open Channel [id: 0x59d37827, L:/127.0.0.1:2750 - R:localhost/127.0.0.1:3804] for POST '/session/ae625dda94cc343bc2ad680ee94b9ed2/element/f.57ED5F440506176A1FBAE73E12FB52EF.d.46424CFEB66965EBC9DC0B25020BE0F1.e.79/value'
2024-11-09 11:44:12 DEBUG HttpHandler:70 - 

Request DefaultHttpRequest(decodeResult: success, version: HTTP/1.1)
POST /session/ae625dda94cc343bc2ad680ee94b9ed2/element/f.57ED5F440506176A1FBAE73E12FB52EF.d.46424CFEB66965EBC9DC0B25020BE0F1.e.79/value HTTP/1.1
User-Agent: selenium/4.13.0 (java windows)
Content-Length: 339
Content-Type: application/json; charset=utf-8
host: localhost:3804
accept: */*

Response DefaultHttpResponse(decodeResult: success, version: HTTP/1.1)
HTTP/1.1 200 OK
Content-Length: 14
Content-Type: application/json; charset=utf-8
cache-control: no-cache

2024-11-09 11:44:12 DEBUG ChannelManager:270 - Adding key: http://localhost:3804 for channel [id: 0x59d37827, L:/127.0.0.1:2750 - R:localhost/127.0.0.1:3804]
2024-11-09 11:44:12 DEBUG NettyRequestSender:593 - Using pooled Channel '[id: 0x59d37827, L:/127.0.0.1:2750 - R:localhost/127.0.0.1:3804]' for 'POST' to 'http://localhost:3804/session/ae625dda94cc343bc2ad680ee94b9ed2/element'
2024-11-09 11:44:12 DEBUG NettyRequestSender:251 - Using open Channel [id: 0x59d37827, L:/127.0.0.1:2750 - R:localhost/127.0.0.1:3804] for POST '/session/ae625dda94cc343bc2ad680ee94b9ed2/element'
2024-11-09 11:44:12 DEBUG HttpHandler:70 - 

Request DefaultHttpRequest(decodeResult: success, version: HTTP/1.1)
POST /session/ae625dda94cc343bc2ad680ee94b9ed2/element HTTP/1.1
User-Agent: selenium/4.13.0 (java windows)
Content-Length: 76
Content-Type: application/json; charset=utf-8
host: localhost:3804
accept: */*

Response DefaultHttpResponse(decodeResult: success, version: HTTP/1.1)
HTTP/1.1 200 OK
Content-Length: 126
Content-Type: application/json; charset=utf-8
cache-control: no-cache

2024-11-09 11:44:12 DEBUG ChannelManager:270 - Adding key: http://localhost:3804 for channel [id: 0x59d37827, L:/127.0.0.1:2750 - R:localhost/127.0.0.1:3804]
2024-11-09 11:44:12 DEBUG NettyRequestSender:593 - Using pooled Channel '[id: 0x59d37827, L:/127.0.0.1:2750 - R:localhost/127.0.0.1:3804]' for 'POST' to 'http://localhost:3804/session/ae625dda94cc343bc2ad680ee94b9ed2/element/f.57ED5F440506176A1FBAE73E12FB52EF.d.46424CFEB66965EBC9DC0B25020BE0F1.e.81/value'
2024-11-09 11:44:12 DEBUG NettyRequestSender:251 - Using open Channel [id: 0x59d37827, L:/127.0.0.1:2750 - R:localhost/127.0.0.1:3804] for POST '/session/ae625dda94cc343bc2ad680ee94b9ed2/element/f.57ED5F440506176A1FBAE73E12FB52EF.d.46424CFEB66965EBC9DC0B25020BE0F1.e.81/value'
2024-11-09 11:44:12 DEBUG HttpHandler:70 - 

Request DefaultHttpRequest(decodeResult: success, version: HTTP/1.1)
POST /session/ae625dda94cc343bc2ad680ee94b9ed2/element/f.57ED5F440506176A1FBAE73E12FB52EF.d.46424CFEB66965EBC9DC0B25020BE0F1.e.81/value HTTP/1.1
User-Agent: selenium/4.13.0 (java windows)
Content-Length: 219
Content-Type: application/json; charset=utf-8
host: localhost:3804
accept: */*

Response DefaultHttpResponse(decodeResult: success, version: HTTP/1.1)
HTTP/1.1 200 OK
Content-Length: 14
Content-Type: application/json; charset=utf-8
cache-control: no-cache

2024-11-09 11:44:12 DEBUG ChannelManager:270 - Adding key: http://localhost:3804 for channel [id: 0x59d37827, L:/127.0.0.1:2750 - R:localhost/127.0.0.1:3804]
2024-11-09 11:44:12 DEBUG NettyRequestSender:593 - Using pooled Channel '[id: 0x59d37827, L:/127.0.0.1:2750 - R:localhost/127.0.0.1:3804]' for 'POST' to 'http://localhost:3804/session/ae625dda94cc343bc2ad680ee94b9ed2/element'
2024-11-09 11:44:12 DEBUG NettyRequestSender:251 - Using open Channel [id: 0x59d37827, L:/127.0.0.1:2750 - R:localhost/127.0.0.1:3804] for POST '/session/ae625dda94cc343bc2ad680ee94b9ed2/element'
2024-11-09 11:44:12 DEBUG HttpHandler:70 - 

Request DefaultHttpRequest(decodeResult: success, version: HTTP/1.1)
POST /session/ae625dda94cc343bc2ad680ee94b9ed2/element HTTP/1.1
User-Agent: selenium/4.13.0 (java windows)
Content-Length: 70
Content-Type: application/json; charset=utf-8
host: localhost:3804
accept: */*

Response DefaultHttpResponse(decodeResult: success, version: HTTP/1.1)
HTTP/1.1 200 OK
Content-Length: 126
Content-Type: application/json; charset=utf-8
cache-control: no-cache

2024-11-09 11:44:12 DEBUG ChannelManager:270 - Adding key: http://localhost:3804 for channel [id: 0x59d37827, L:/127.0.0.1:2750 - R:localhost/127.0.0.1:3804]
2024-11-09 11:44:12 DEBUG NettyRequestSender:593 - Using pooled Channel '[id: 0x59d37827, L:/127.0.0.1:2750 - R:localhost/127.0.0.1:3804]' for 'POST' to 'http://localhost:3804/session/ae625dda94cc343bc2ad680ee94b9ed2/element/f.57ED5F440506176A1FBAE73E12FB52EF.d.46424CFEB66965EBC9DC0B25020BE0F1.e.90/click'
2024-11-09 11:44:12 DEBUG NettyRequestSender:251 - Using open Channel [id: 0x59d37827, L:/127.0.0.1:2750 - R:localhost/127.0.0.1:3804] for POST '/session/ae625dda94cc343bc2ad680ee94b9ed2/element/f.57ED5F440506176A1FBAE73E12FB52EF.d.46424CFEB66965EBC9DC0B25020BE0F1.e.90/click'
2024-11-09 11:44:13 DEBUG DefaultChannelPool:348 - Entry count for : http://localhost:2751 : 1
2024-11-09 11:44:13 DEBUG HttpHandler:70 - 

Request DefaultHttpRequest(decodeResult: success, version: HTTP/1.1)
POST /session/ae625dda94cc343bc2ad680ee94b9ed2/element/f.57ED5F440506176A1FBAE73E12FB52EF.d.46424CFEB66965EBC9DC0B25020BE0F1.e.90/click HTTP/1.1
User-Agent: selenium/4.13.0 (java windows)
Content-Length: 88
Content-Type: application/json; charset=utf-8
host: localhost:3804
accept: */*

Response DefaultHttpResponse(decodeResult: success, version: HTTP/1.1)
HTTP/1.1 200 OK
Content-Length: 14
Content-Type: application/json; charset=utf-8
cache-control: no-cache

2024-11-09 11:44:13 DEBUG ChannelManager:270 - Adding key: http://localhost:3804 for channel [id: 0x59d37827, L:/127.0.0.1:2750 - R:localhost/127.0.0.1:3804]
2024-11-09 11:44:13 DEBUG NettyRequestSender:593 - Using pooled Channel '[id: 0x59d37827, L:/127.0.0.1:2750 - R:localhost/127.0.0.1:3804]' for 'POST' to 'http://localhost:3804/session/ae625dda94cc343bc2ad680ee94b9ed2/element'
2024-11-09 11:44:13 DEBUG NettyRequestSender:251 - Using open Channel [id: 0x59d37827, L:/127.0.0.1:2750 - R:localhost/127.0.0.1:3804] for POST '/session/ae625dda94cc343bc2ad680ee94b9ed2/element'
2024-11-09 11:44:13 DEBUG HttpHandler:70 - 

Request DefaultHttpRequest(decodeResult: success, version: HTTP/1.1)
POST /session/ae625dda94cc343bc2ad680ee94b9ed2/element HTTP/1.1
User-Agent: selenium/4.13.0 (java windows)
Content-Length: 72
Content-Type: application/json; charset=utf-8
host: localhost:3804
accept: */*

Response DefaultHttpResponse(decodeResult: success, version: HTTP/1.1)
HTTP/1.1 200 OK
Content-Length: 127
Content-Type: application/json; charset=utf-8
cache-control: no-cache

2024-11-09 11:44:13 DEBUG ChannelManager:270 - Adding key: http://localhost:3804 for channel [id: 0x59d37827, L:/127.0.0.1:2750 - R:localhost/127.0.0.1:3804]
2024-11-09 11:44:13 DEBUG NettyRequestSender:593 - Using pooled Channel '[id: 0x59d37827, L:/127.0.0.1:2750 - R:localhost/127.0.0.1:3804]' for 'POST' to 'http://localhost:3804/session/ae625dda94cc343bc2ad680ee94b9ed2/execute/sync'
2024-11-09 11:44:13 DEBUG NettyRequestSender:251 - Using open Channel [id: 0x59d37827, L:/127.0.0.1:2750 - R:localhost/127.0.0.1:3804] for POST '/session/ae625dda94cc343bc2ad680ee94b9ed2/execute/sync'
2024-11-09 11:44:13 DEBUG HttpHandler:70 - 

Request DefaultHttpRequest(decodeResult: success, version: HTTP/1.1)
POST /session/ae625dda94cc343bc2ad680ee94b9ed2/execute/sync HTTP/1.1
User-Agent: selenium/4.13.0 (java windows)
Content-Length: 48846
Content-Type: application/json; charset=utf-8
host: localhost:3804
accept: */*

Response DefaultHttpResponse(decodeResult: success, version: HTTP/1.1)
HTTP/1.1 200 OK
Content-Length: 14
Content-Type: application/json; charset=utf-8
cache-control: no-cache

2024-11-09 11:44:13 DEBUG ChannelManager:270 - Adding key: http://localhost:3804 for channel [id: 0x59d37827, L:/127.0.0.1:2750 - R:localhost/127.0.0.1:3804]
2024-11-09 11:44:13 INFO  TC_002_LoginTest:37 - **** Finished TC_002_LoginTest *****
]]></system-out>
    <system-err><![CDATA[Nov 09, 2024 11:44:10 AM org.openqa.selenium.devtools.CdpVersionFinder findNearestMatch
WARNING: Unable to find CDP implementation matching 130
Nov 09, 2024 11:44:10 AM org.openqa.selenium.chromium.ChromiumDriver lambda$new$5
WARNING: Unable to find version of CDP to use for 130.0.6723.117. You may need to include a dependency on a specific version of the CDP using something similar to `org.seleniumhq.selenium:selenium-devtools-v86:4.13.0` where the version ("v86") matches the version of the chromium-based browser you're using and the version number of the artifact is the same as Selenium's.
]]></system-err>
  </testcase>
</testsuite>