<?xml version="1.0" encoding="UTF-8"?>
<testng-results ignored="0" total="4" passed="4" failed="0" skipped="0">
  <reporter-output>
  </reporter-output>
  <suite started-at="2024-11-02T17:15:55 IST" name="Suite" finished-at="2024-11-02T17:16:47 IST" duration-ms="51498">
    <groups>
      <group name="Master">
        <method signature="TC_001_AccountRegistrationTest.testAccountRegistration()[pri:0, instance:testCases.TC_001_AccountRegistrationTest@45e37a7e]" name="testAccountRegistration" class="testCases.TC_001_AccountRegistrationTest"/>
        <method signature="TC_002_LoginTest.verify_login()[pri:0, instance:testCases.TC_002_LoginTest@7516e4e5]" name="verify_login" class="testCases.TC_002_LoginTest"/>
        <method signature="TC_001_AccountRegistrationTest.testAccountRegistration()[pri:0, instance:testCases.TC_001_AccountRegistrationTest@674658f7]" name="testAccountRegistration" class="testCases.TC_001_AccountRegistrationTest"/>
        <method signature="TC_002_LoginTest.verify_login()[pri:0, instance:testCases.TC_002_LoginTest@5c8eee0f]" name="verify_login" class="testCases.TC_002_LoginTest"/>
      </group> <!-- Master -->
      <group name="Sanity">
        <method signature="TC_002_LoginTest.verify_login()[pri:0, instance:testCases.TC_002_LoginTest@7516e4e5]" name="verify_login" class="testCases.TC_002_LoginTest"/>
        <method signature="TC_002_LoginTest.verify_login()[pri:0, instance:testCases.TC_002_LoginTest@5c8eee0f]" name="verify_login" class="testCases.TC_002_LoginTest"/>
      </group> <!-- Sanity -->
      <group name="Regression">
        <method signature="TC_001_AccountRegistrationTest.testAccountRegistration()[pri:0, instance:testCases.TC_001_AccountRegistrationTest@45e37a7e]" name="testAccountRegistration" class="testCases.TC_001_AccountRegistrationTest"/>
        <method signature="TC_001_AccountRegistrationTest.testAccountRegistration()[pri:0, instance:testCases.TC_001_AccountRegistrationTest@674658f7]" name="testAccountRegistration" class="testCases.TC_001_AccountRegistrationTest"/>
      </group> <!-- Regression -->
    </groups>
    <test started-at="2024-11-02T17:15:55 IST" name="Test" finished-at="2024-11-02T17:16:31 IST" duration-ms="35651">
      <class name="testCases.TC_001_AccountRegistrationTest">
        <test-method is-config="true" signature="setup(java.lang.String,java.lang.String)[pri:0, instance:testCases.TC_001_AccountRegistrationTest@45e37a7e]" started-at="2024-11-02T17:15:56 IST" name="setup" finished-at="2024-11-02T17:16:16 IST" duration-ms="19820" status="PASS">
          <params>
            <param index="0">
              <value>
                <![CDATA[windows]]>
              </value>
            </param>
            <param index="1">
              <value>
                <![CDATA[chrome]]>
              </value>
            </param>
          </params>
          <reporter-output>
          </reporter-output>
        </test-method> <!-- setup -->
        <test-method signature="testAccountRegistration()[pri:0, instance:testCases.TC_001_AccountRegistrationTest@45e37a7e]" started-at="2024-11-02T17:16:16 IST" name="testAccountRegistration" finished-at="2024-11-02T17:16:24 IST" duration-ms="8546" status="PASS">
          <reporter-output>
          </reporter-output>
        </test-method> <!-- testAccountRegistration -->
        <test-method is-config="true" signature="tearDown()[pri:0, instance:testCases.TC_001_AccountRegistrationTest@45e37a7e]" started-at="2024-11-02T17:16:24 IST" name="tearDown" finished-at="2024-11-02T17:16:25 IST" duration-ms="383" status="PASS">
          <reporter-output>
          </reporter-output>
        </test-method> <!-- tearDown -->
      </class> <!-- testCases.TC_001_AccountRegistrationTest -->
      <class name="testCases.TC_002_LoginTest">
        <test-method is-config="true" signature="setup(java.lang.String,java.lang.String)[pri:0, instance:testCases.TC_002_LoginTest@7516e4e5]" started-at="2024-11-02T17:16:25 IST" name="setup" finished-at="2024-11-02T17:16:29 IST" duration-ms="4055" status="PASS">
          <params>
            <param index="0">
              <value>
                <![CDATA[windows]]>
              </value>
            </param>
            <param index="1">
              <value>
                <![CDATA[chrome]]>
              </value>
            </param>
          </params>
          <reporter-output>
          </reporter-output>
        </test-method> <!-- setup -->
        <test-method signature="verify_login()[pri:0, instance:testCases.TC_002_LoginTest@7516e4e5]" started-at="2024-11-02T17:16:29 IST" name="verify_login" finished-at="2024-11-02T17:16:31 IST" duration-ms="2037" status="PASS">
          <reporter-output>
          </reporter-output>
        </test-method> <!-- verify_login -->
        <test-method is-config="true" signature="tearDown()[pri:0, instance:testCases.TC_002_LoginTest@7516e4e5]" started-at="2024-11-02T17:16:31 IST" name="tearDown" finished-at="2024-11-02T17:16:31 IST" duration-ms="391" status="PASS">
          <reporter-output>
          </reporter-output>
        </test-method> <!-- tearDown -->
      </class> <!-- testCases.TC_002_LoginTest -->
    </test> <!-- Test -->
    <test started-at="2024-11-02T17:16:32 IST" name="Linux_fire_Test" finished-at="2024-11-02T17:16:47 IST" duration-ms="15060">
      <class name="testCases.TC_001_AccountRegistrationTest">
        <test-method is-config="true" signature="setup(java.lang.String,java.lang.String)[pri:0, instance:testCases.TC_001_AccountRegistrationTest@674658f7]" started-at="2024-11-02T17:16:32 IST" name="setup" finished-at="2024-11-02T17:16:38 IST" duration-ms="5674" status="PASS">
          <params>
            <param index="0">
              <value>
                <![CDATA[windows]]>
              </value>
            </param>
            <param index="1">
              <value>
                <![CDATA[firefox]]>
              </value>
            </param>
          </params>
          <reporter-output>
          </reporter-output>
        </test-method> <!-- setup -->
        <test-method signature="testAccountRegistration()[pri:0, instance:testCases.TC_001_AccountRegistrationTest@674658f7]" started-at="2024-11-02T17:16:38 IST" name="testAccountRegistration" finished-at="2024-11-02T17:16:39 IST" duration-ms="1885" status="PASS">
          <reporter-output>
          </reporter-output>
        </test-method> <!-- testAccountRegistration -->
        <test-method is-config="true" signature="tearDown()[pri:0, instance:testCases.TC_001_AccountRegistrationTest@674658f7]" started-at="2024-11-02T17:16:39 IST" name="tearDown" finished-at="2024-11-02T17:16:40 IST" duration-ms="650" status="PASS">
          <reporter-output>
          </reporter-output>
        </test-method> <!-- tearDown -->
      </class> <!-- testCases.TC_001_AccountRegistrationTest -->
      <class name="testCases.TC_002_LoginTest">
        <test-method is-config="true" signature="setup(java.lang.String,java.lang.String)[pri:0, instance:testCases.TC_002_LoginTest@5c8eee0f]" started-at="2024-11-02T17:16:40 IST" name="setup" finished-at="2024-11-02T17:16:45 IST" duration-ms="4724" status="PASS">
          <params>
            <param index="0">
              <value>
                <![CDATA[windows]]>
              </value>
            </param>
            <param index="1">
              <value>
                <![CDATA[firefox]]>
              </value>
            </param>
          </params>
          <reporter-output>
          </reporter-output>
        </test-method> <!-- setup -->
        <test-method signature="verify_login()[pri:0, instance:testCases.TC_002_LoginTest@5c8eee0f]" started-at="2024-11-02T17:16:45 IST" name="verify_login" finished-at="2024-11-02T17:16:46 IST" duration-ms="1437" status="PASS">
          <reporter-output>
          </reporter-output>
        </test-method> <!-- verify_login -->
        <test-method is-config="true" signature="tearDown()[pri:0, instance:testCases.TC_002_LoginTest@5c8eee0f]" started-at="2024-11-02T17:16:46 IST" name="tearDown" finished-at="2024-11-02T17:16:47 IST" duration-ms="683" status="PASS">
          <reporter-output>
          </reporter-output>
        </test-method> <!-- tearDown -->
      </class> <!-- testCases.TC_002_LoginTest -->
    </test> <!-- Linux_fire_Test -->
  </suite> <!-- Suite -->
</testng-results>
